<?xml version="1.0" encoding="UTF-8"?>
<!-- Generated by org.testng.reporters.JUnitXMLReporter -->
<testsuite ignored="0" hostname="Sugi" failures="0" tests="3" name="Test" time="7.682" errors="0" timestamp="2025-07-03T18:20:06 EDT">
  <testcase classname="Selenium_Test.TC_03_SeleniumGrid_LaunchBrowser" name="Test01_Chorome" time="2.998"/>
  <testcase classname="Selenium_Test.TC_03_SeleniumGrid_LaunchBrowser" name="Test02_Edge" time="3.348"/>
  <testcase classname="Selenium_Test.TC_04_SeleniumGrid_ParallelExecution" name="Test01_Login" time="4.315"/>
</testsuite> <!-- Test -->
