<?xml version="1.0" encoding="UTF-8"?>
<!-- Generated by org.testng.reporters.JUnitXMLReporter -->
<testsuite ignored="0" hostname="Sugi" failures="0" tests="3" name="Default test" time="15.17" errors="0" timestamp="2025-06-06T16:19:20 EDT">
  <testcase classname="RestAssured_Test.Test07_PostWithExcelData" name="test_01" time="12.064"/>
  <testcase classname="RestAssured_Test.Test07_PostWithExcelData" name="test_01" time="0.593"/>
  <testcase classname="RestAssured_Test.Test07_PostWithExcelData" name="test_01" time="0.671"/>
</testsuite> <!-- Default test -->
