<?xml version="1.0" encoding="UTF-8"?>
<testng-results ignored="0" total="1" passed="1" failed="0" skipped="0">
  <reporter-output>
  </reporter-output>
  <suite started-at="2025-05-21T14:35:48 EDT" name="Default suite" finished-at="2025-05-21T14:35:51 EDT" duration-ms="2986">
    <groups>
    </groups>
    <test started-at="2025-05-21T14:35:48 EDT" name="Default test" finished-at="2025-05-21T14:35:51 EDT" duration-ms="2986">
      <class name="RestAssured_Test.Test05_Patch">
        <test-method signature="test_01()[pri:0, instance:RestAssured_Test.Test05_Patch@75d4a5c2]" started-at="2025-05-21T14:35:48 EDT" name="test_01" finished-at="2025-05-21T14:35:51 EDT" duration-ms="2940" status="PASS">
          <reporter-output>
          </reporter-output>
        </test-method> <!-- test_01 -->
      </class> <!-- RestAssured_Test.Test05_Patch -->
    </test> <!-- Default test -->
  </suite> <!-- Default suite -->
</testng-results>
