<?xml version="1.0" encoding="UTF-8"?>
<testng-results ignored="0" total="3" passed="3" failed="0" skipped="0">
  <reporter-output>
  </reporter-output>
  <suite started-at="2025-07-03T18:19:59 EDT" name="Suite" finished-at="2025-07-03T18:20:06 EDT" duration-ms="7682">
    <groups>
    </groups>
    <test started-at="2025-07-03T18:19:59 EDT" name="Test" finished-at="2025-07-03T18:20:06 EDT" duration-ms="7682">
      <class name="Selenium_Test.TC_03_SeleniumGrid_LaunchBrowser">
        <test-method signature="Test02_Edge()[pri:0, instance:Selenium_Test.TC_03_SeleniumGrid_LaunchBrowser@3f56875e]" started-at="2025-07-03T18:20:02 EDT" name="Test02_Edge" description="TestID: 02 - Verify selenium grid setup - Edge broswer" finished-at="2025-07-03T18:20:05 EDT" duration-ms="3348" status="PASS">
          <reporter-output>
          </reporter-output>
        </test-method> <!-- Test02_Edge -->
        <test-method signature="Test01_Chorome()[pri:0, instance:Selenium_Test.TC_03_SeleniumGrid_LaunchBrowser@3f56875e]" started-at="2025-07-03T18:20:02 EDT" name="Test01_Chorome" description="TestID: 01 - Verify selenium grid setup - Chrome broswer" finished-at="2025-07-03T18:20:05 EDT" duration-ms="2998" status="PASS">
          <reporter-output>
          </reporter-output>
        </test-method> <!-- Test01_Chorome -->
      </class> <!-- Selenium_Test.TC_03_SeleniumGrid_LaunchBrowser -->
      <class name="Selenium_Test.TC_04_SeleniumGrid_ParallelExecution">
        <test-method is-config="true" signature="EnovironmentSetup()[pri:0, instance:Selenium_Test.TC_04_SeleniumGrid_ParallelExecution@776b83cc]" started-at="2025-07-03T18:19:59 EDT" name="EnovironmentSetup" finished-at="2025-07-03T18:20:02 EDT" duration-ms="3112" status="PASS">
          <reporter-output>
          </reporter-output>
        </test-method> <!-- EnovironmentSetup -->
        <test-method signature="Test01_Login()[pri:0, instance:Selenium_Test.TC_04_SeleniumGrid_ParallelExecution@776b83cc]" started-at="2025-07-03T18:20:02 EDT" name="Test01_Login" description="Test01_Verify Parallel execution using Selenium Grid - Chrome" finished-at="2025-07-03T18:20:06 EDT" duration-ms="4315" status="PASS">
          <reporter-output>
          </reporter-output>
        </test-method> <!-- Test01_Login -->
        <test-method is-config="true" signature="TearDown()[pri:0, instance:Selenium_Test.TC_04_SeleniumGrid_ParallelExecution@776b83cc]" started-at="2025-07-03T18:20:06 EDT" name="TearDown" finished-at="2025-07-03T18:20:06 EDT" duration-ms="211" status="PASS">
          <reporter-output>
          </reporter-output>
        </test-method> <!-- TearDown -->
      </class> <!-- Selenium_Test.TC_04_SeleniumGrid_ParallelExecution -->
    </test> <!-- Test -->
  </suite> <!-- Suite -->
</testng-results>
