<?xml version="1.0" encoding="UTF-8"?>
<testng-results ignored="0" total="2" passed="2" failed="0" skipped="0">
  <reporter-output>
  </reporter-output>
  <suite started-at="2025-06-09T21:09:35 EDT" name="Suite" finished-at="2025-06-09T21:10:04 EDT" duration-ms="29371">
    <groups>
    </groups>
    <test started-at="2025-06-09T21:09:35 EDT" name="Test" finished-at="2025-06-09T21:10:04 EDT" duration-ms="29371">
      <class name="Selenium_Test.BrowserStack_ParallelExecution">
        <test-method signature="Test01_Firefox()[pri:0, instance:Selenium_Test.BrowserStack_ParallelExecution@fa36558]" started-at="2025-06-09T21:09:44 EDT" name="Test01_Firefox" description="TestID: 01 - Verify parallel execution using BrowserStack - Firefox broswer" finished-at="2025-06-09T21:10:03 EDT" duration-ms="19313" status="PASS">
          <reporter-output>
          </reporter-output>
        </test-method> <!-- Test01_Firefox -->
      </class> <!-- Selenium_Test.BrowserStack_ParallelExecution -->
      <class name="Selenium_Test.SeleniumGrid_BrowserStack">
        <test-method is-config="true" signature="EnovironmentSetup()[pri:0, instance:Selenium_Test.SeleniumGrid_BrowserStack@152aa092]" started-at="2025-06-09T21:09:35 EDT" name="EnovironmentSetup" finished-at="2025-06-09T21:09:44 EDT" duration-ms="9278" status="PASS">
          <reporter-output>
          </reporter-output>
        </test-method> <!-- EnovironmentSetup -->
        <test-method signature="Test01_Login()[pri:0, instance:Selenium_Test.SeleniumGrid_BrowserStack@152aa092]" started-at="2025-06-09T21:09:44 EDT" name="Test01_Login" description="Test01_Verify remote execution using BrowserStack - Chrome" finished-at="2025-06-09T21:09:56 EDT" duration-ms="11741" status="PASS">
          <reporter-output>
          </reporter-output>
        </test-method> <!-- Test01_Login -->
        <test-method is-config="true" signature="TearDown()[pri:0, instance:Selenium_Test.SeleniumGrid_BrowserStack@152aa092]" started-at="2025-06-09T21:10:03 EDT" name="TearDown" finished-at="2025-06-09T21:10:04 EDT" duration-ms="716" status="PASS">
          <reporter-output>
          </reporter-output>
        </test-method> <!-- TearDown -->
      </class> <!-- Selenium_Test.SeleniumGrid_BrowserStack -->
    </test> <!-- Test -->
  </suite> <!-- Suite -->
</testng-results>
